<?xml version="1.0" encoding="UTF-8"?>
<testng-results skipped="0" failed="0" ignored="0" total="2" passed="2">
  <reporter-output>
  </reporter-output>
  <suite name="Default suite" duration-ms="53" started-at="2022-04-14T14:31:48 IST" finished-at="2022-04-14T14:31:48 IST">
    <groups>
    </groups>
    <test name="Default test" duration-ms="53" started-at="2022-04-14T14:31:48 IST" finished-at="2022-04-14T14:31:48 IST">
      <class name="MavenProject.SeleniumTest">
        <test-method status="PASS" signature="BrowserAutomation()[pri:0, instance:MavenProject.SeleniumTest@687080dc]" name="BrowserAutomation" duration-ms="8" started-at="2022-04-14T14:31:48 IST" finished-at="2022-04-14T14:31:48 IST">
          <reporter-output>
          </reporter-output>
        </test-method> <!-- BrowserAutomation -->
        <test-method status="PASS" signature="elementsUi()[pri:0, instance:MavenProject.SeleniumTest@687080dc]" name="elementsUi" duration-ms="1" started-at="2022-04-14T14:31:48 IST" finished-at="2022-04-14T14:31:48 IST">
          <reporter-output>
          </reporter-output>
        </test-method> <!-- elementsUi -->
      </class> <!-- MavenProject.SeleniumTest -->
    </test> <!-- Default test -->
  </suite> <!-- Default suite -->
</testng-results>
